# JRE version: OpenJDK Runtime Environment (17.0.6) (build 17.0.6+0-b2043.56-10027231)
# Java VM: OpenJDK 64-Bit Server VM (17.0.6+0-b2043.56-10027231, mixed mode, tiered, compressed oops, compressed class ptrs, g1 gc, windows-amd64)
GC Precious Log:
 CPUs: 4 total, 4 available
 Memory: 7991M
 Large Page Support: Disabled
 NUMA Support: Disabled
 Compressed Oops: Enabled (32-bit)
 Heap Region Size: 1M
 Heap Min Capacity: 8M
 Heap Initial Capacity: 126M
 Heap Max Capacity: 2G
 Pre-touch: Disabled
 Parallel Workers: 4
 Concurrent Workers: 1
 Concurrent Refinement Workers: 4
 Periodic GC: Disabled
Heap:
 garbage-first heap   total 129024K, used 61484K [0x0000000080000000, 0x0000000100000000)
  region size 1024K, 1 young (1024K), 1 survivors (1024K)
 Metaspace       used 71124K, committed 71744K, reserved 1114112K
  class space    used 9531K, committed 9792K, reserved 1048576K
GC Heap History (20 events):
Event: 9.411 GC heap after
{Heap after GC invocations=17 (full 0):
 garbage-first heap   total 82944K, used 48062K [0x0000000080000000, 0x0000000100000000)
  region size 1024K, 1 young (1024K), 1 survivors (1024K)
 Metaspace       used 54426K, committed 54848K, reserved 1097728K
  class space    used 7184K, committed 7360K, reserved 1048576K
}
Event: 9.720 GC heap before
{Heap before GC invocations=18 (full 0):
 garbage-first heap   total 87040K, used 63422K [0x0000000080000000, 0x0000000100000000)
  region size 1024K, 16 young (16384K), 1 survivors (1024K)
 Metaspace       used 56852K, committed 57280K, reserved 1105920K
  class space    used 7491K, committed 7680K, reserved 1048576K
}
Event: 9.723 GC heap after
{Heap after GC invocations=19 (full 0):
 garbage-first heap   total 87040K, used 48452K [0x0000000080000000, 0x0000000100000000)
  region size 1024K, 2 young (2048K), 2 survivors (2048K)
 Metaspace       used 56852K, committed 57280K, reserved 1105920K
  class space    used 7491K, committed 7680K, reserved 1048576K
}
Event: 10.170 GC heap before
{Heap before GC invocations=19 (full 0):
 garbage-first heap   total 87040K, used 67908K [0x0000000080000000, 0x0000000100000000)
  region size 1024K, 21 young (21504K), 2 survivors (2048K)
 Metaspace       used 60473K, committed 60928K, reserved 1105920K
  class space    used 8001K, committed 8192K, reserved 1048576K
}
Event: 10.174 GC heap after
{Heap after GC invocations=20 (full 0):
 garbage-first heap   total 87040K, used 49580K [0x0000000080000000, 0x0000000100000000)
  region size 1024K, 3 young (3072K), 3 survivors (3072K)
 Metaspace       used 60473K, committed 60928K, reserved 1105920K
  class space    used 8001K, committed 8192K, reserved 1048576K
}
Event: 10.647 GC heap before
{Heap before GC invocations=21 (full 0):
 garbage-first heap   total 91136K, used 73132K [0x0000000080000000, 0x0000000100000000)
  region size 1024K, 22 young (22528K), 3 survivors (3072K)
 Metaspace       used 62567K, committed 63104K, reserved 1105920K
  class space    used 8264K, committed 8512K, reserved 1048576K
}
Event: 10.654 GC heap after
{Heap after GC invocations=22 (full 0):
 garbage-first heap   total 91136K, used 56637K [0x0000000080000000, 0x0000000100000000)
  region size 1024K, 3 young (3072K), 3 survivors (3072K)
 Metaspace       used 62567K, committed 63104K, reserved 1105920K
  class space    used 8264K, committed 8512K, reserved 1048576K
}
Event: 10.657 GC heap before
{Heap before GC invocations=22 (full 0):
 garbage-first heap   total 91136K, used 59709K [0x0000000080000000, 0x0000000100000000)
  region size 1024K, 4 young (4096K), 3 survivors (3072K)
 Metaspace       used 62567K, committed 63104K, reserved 1105920K
  class space    used 8264K, committed 8512K, reserved 1048576K
}
Event: 10.662 GC heap after
{Heap after GC invocations=23 (full 0):
 garbage-first heap   total 109568K, used 58458K [0x0000000080000000, 0x0000000100000000)
  region size 1024K, 1 young (1024K), 1 survivors (1024K)
 Metaspace       used 62567K, committed 63104K, reserved 1105920K
  class space    used 8264K, committed 8512K, reserved 1048576K
}
Event: 11.245 GC heap before
{Heap before GC invocations=23 (full 0):
 garbage-first heap   total 109568K, used 87130K [0x0000000080000000, 0x0000000100000000)
  region size 1024K, 29 young (29696K), 1 survivors (1024K)
 Metaspace       used 65325K, committed 65856K, reserved 1114112K
  class space    used 8605K, committed 8832K, reserved 1048576K
}
Event: 11.249 GC heap after
{Heap after GC invocations=24 (full 0):
 garbage-first heap   total 109568K, used 60060K [0x0000000080000000, 0x0000000100000000)
  region size 1024K, 3 young (3072K), 3 survivors (3072K)
 Metaspace       used 65325K, committed 65856K, reserved 1114112K
  class space    used 8605K, committed 8832K, reserved 1048576K
}
Event: 11.829 GC heap before
{Heap before GC invocations=25 (full 0):
 garbage-first heap   total 109568K, used 85363K [0x0000000080000000, 0x0000000100000000)
  region size 1024K, 30 young (30720K), 3 survivors (3072K)
 Metaspace       used 67628K, committed 68224K, reserved 1114112K
  class space    used 8910K, committed 9216K, reserved 1048576K
}
Event: 11.835 GC heap after
{Heap after GC invocations=26 (full 0):
 garbage-first heap   total 109568K, used 58023K [0x0000000080000000, 0x0000000100000000)
  region size 1024K, 3 young (3072K), 3 survivors (3072K)
 Metaspace       used 67628K, committed 68224K, reserved 1114112K
  class space    used 8910K, committed 9216K, reserved 1048576K
}
Event: 11.852 GC heap before
{Heap before GC invocations=26 (full 0):
 garbage-first heap   total 109568K, used 60071K [0x0000000080000000, 0x0000000100000000)
  region size 1024K, 5 young (5120K), 3 survivors (3072K)
 Metaspace       used 67637K, committed 68224K, reserved 1114112K
  class space    used 8912K, committed 9216K, reserved 1048576K
}
Event: 11.856 GC heap after
{Heap after GC invocations=27 (full 0):
 garbage-first heap   total 109568K, used 57289K [0x0000000080000000, 0x0000000100000000)
  region size 1024K, 1 young (1024K), 1 survivors (1024K)
 Metaspace       used 67637K, committed 68224K, reserved 1114112K
  class space    used 8912K, committed 9216K, reserved 1048576K
}
Event: 12.224 GC heap before
{Heap before GC invocations=27 (full 0):
 garbage-first heap   total 109568K, used 86985K [0x0000000080000000, 0x0000000100000000)
  region size 1024K, 30 young (30720K), 1 survivors (1024K)
 Metaspace       used 67819K, committed 68416K, reserved 1114112K
  class space    used 8948K, committed 9216K, reserved 1048576K
}
Event: 12.228 GC heap after
{Heap after GC invocations=28 (full 0):
 garbage-first heap   total 109568K, used 59531K [0x0000000080000000, 0x0000000100000000)
  region size 1024K, 3 young (3072K), 3 survivors (3072K)
 Metaspace       used 67819K, committed 68416K, reserved 1114112K
  class space    used 8948K, committed 9216K, reserved 1048576K
}
Event: 12.736 GC heap before
{Heap before GC invocations=29 (full 0):
 garbage-first heap   total 109568K, used 88203K [0x0000000080000000, 0x0000000100000000)
  region size 1024K, 31 young (31744K), 3 survivors (3072K)
 Metaspace       used 70690K, committed 71296K, reserved 1114112K
  class space    used 9436K, committed 9728K, reserved 1048576K
}
Event: 12.741 GC heap after
{Heap after GC invocations=30 (full 0):
 garbage-first heap   total 109568K, used 61466K [0x0000000080000000, 0x0000000100000000)
  region size 1024K, 2 young (2048K), 2 survivors (2048K)
 Metaspace       used 70690K, committed 71296K, reserved 1114112K
  class space    used 9436K, committed 9728K, reserved 1048576K
}
Event: 12.793 GC heap before
{Heap before GC invocations=30 (full 0):
 garbage-first heap   total 109568K, used 64538K [0x0000000080000000, 0x0000000100000000)
  region size 1024K, 5 young (5120K), 2 survivors (2048K)
 Metaspace       used 71124K, committed 71744K, reserved 1114112K
  class space    used 9531K, committed 9792K, reserved 1048576K
}

